<?xml version="1.0" encoding="UTF-8"?>
<testsuite xmlns:xsi="http://www.w3.org/2001/XMLSchema-instance" xsi:noNamespaceSchemaLocation="https://maven.apache.org/surefire/maven-surefire-plugin/xsd/surefire-test-report-3.0.xsd" version="3.0" name="runners.TestRunner" time="8.585" tests="1" errors="0" skipped="0" failures="0">
  <properties>
[...]
</properties>
  <testcase name="runScenario[&quot;Successful registration of user.&quot;, &quot;User registration on Parabank site.&quot;](1)" classname="runners.TestRunner" time="7.536">
    <system-out><![CDATA[
Scenario: Successful registration of user.    &amp#27;[90m# src/test/resources/Features/Registration.feature:3&amp#27;[0m
  &amp#27;[32mGiven &amp#27;[0m&amp#27;[32mUser is on Parabank Registration page&amp#27;[0m &amp#27;[90m# stepDefinitions.RegistrationSteps.user_is_on_parabank_registration_page()&amp#27;[0m
  &amp#27;[32mWhen &amp#27;[0m&amp#27;[32mUser enters valid details&amp#27;[0m              &amp#27;[90m# stepDefinitions.RegistrationSteps.user_enters_valid_details(io.cucumber.datatable.DataTable)&amp#27;[0m
    | firstname | lastname | address       | city   | state       | zipcode | phone      | ssn   | username | password | confirmPassword |
    | Piya      | Sharma   | ABC Apartment | Mumbai | Maharashtra | 400001  | 9876543211 | 12345 | piya     | pass1234 | pass1234        |
  &amp#27;[32mThen &amp#27;[0m&amp#27;[32mUser should be successfully registered&amp#27;[0m &amp#27;[90m# stepDefinitions.RegistrationSteps.user_should_be_successfully_registered()&amp#27;[0m
]]></system-out>
    <system-err><![CDATA[SLF4J(W): No SLF4J providers were found.
SLF4J(W): Defaulting to no-operation (NOP) logger implementation
SLF4J(W): See https://www.slf4j.org/codes.html#noProviders for further details.
May 29, 2025 10:24:53 PM org.openqa.selenium.devtools.CdpVersionFinder findNearestMatch
WARNING: Unable to find an exact match for CDP version 137, returning the closest version; found: 136; Please update to a Selenium version that supports CDP version 137
]]></system-err>
  </testcase>
</testsuite>